h:\2020c c++学习\classcode\datastruct\datastruct\datastruct\debug\vc140.pdb
h:\2020c c++学习\classcode\datastruct\datastruct\datastruct\debug\vc140.idb
h:\2020c c++学习\classcode\datastruct\datastruct\datastruct\debug\testmain.obj
h:\2020c c++学习\classcode\c_code\datastruct_4_30\datastruct\debug\vc140.pdb
h:\2020c c++学习\classcode\c_code\datastruct_4_30\datastruct\debug\vc140.idb
h:\2020c c++学习\classcode\c_code\datastruct_4_30\datastruct\debug\testmain.obj
h:\2020c c++学习\classcode\datastruct\datastruct\debug\datastruct.ilk
h:\2020c c++学习\classcode\datastruct\datastruct\debug\datastruct.exe
h:\2020c c++学习\classcode\datastruct\datastruct\debug\datastruct.pdb
h:\2020c c++学习\classcode\c_code\datastruct_4_30\debug\datastruct.pdb
h:\2020c c++学习\classcode\c_code\datastruct_4_30\datastruct\debug\datastruct.tlog\cl.read.1.tlog
h:\2020c c++学习\classcode\c_code\datastruct_4_30\datastruct\debug\datastruct.tlog\cl.write.1.tlog
h:\2020c c++学习\classcode\c_code\datastruct_4_30\datastruct\debug\datastruct.tlog\cl.command.1.tlog
h:\2020c c++学习\classcode\c_code\datastruct_4_30\datastruct\debug\datastruct.tlog\link.read.1.tlog
h:\2020c c++学习\classcode\c_code\datastruct_4_30\datastruct\debug\datastruct.tlog\link.write.1.tlog
h:\2020c c++学习\classcode\c_code\datastruct_4_30\datastruct\debug\datastruct.tlog\link.command.1.tlog
h:\2020c c++学习\classcode\c_code\datastruct_4_30\datastruct\debug\datastruct.tlog\link-rc.read.1.tlog
h:\2020c c++学习\classcode\c_code\datastruct_4_30\datastruct\debug\datastruct.tlog\link-rc.write.1.tlog
h:\2020c c++学习\classcode\c_code\datastruct_4_30\datastruct\debug\datastruct.tlog\link-cvtres.read.1.tlog
h:\2020c c++学习\classcode\c_code\datastruct_4_30\datastruct\debug\datastruct.tlog\link-cvtres.write.1.tlog
